2023-10-19 20:23:53,363 - DEBUG - Starting new HTTP connection (1): localhost:9200
2023-10-19 20:23:53,637 - DEBUG - http://localhost:9200 "GET / HTTP/1.1" 200 508
2023-10-19 20:23:53,639 - INFO - GET http://localhost:9200/ [status:200 request:0.277s]
2023-10-19 20:23:53,639 - DEBUG - > None
2023-10-19 20:23:53,640 - DEBUG - < {
  "name" : "a46f32a3c7d9",
  "cluster_name" : "docker-cluster",
  "cluster_uuid" : "YmGgBroNT7WWjXJ8Hh5Wrw",
  "version" : {
    "number" : "7.3.0",
    "build_flavor" : "default",
    "build_type" : "docker",
    "build_hash" : "de777fa",
    "build_date" : "2019-07-24T18:30:11.767338Z",
    "build_snapshot" : false,
    "lucene_version" : "8.1.0",
    "minimum_wire_compatibility_version" : "6.8.0",
    "minimum_index_compatibility_version" : "6.0.0-beta1"
  },
  "tagline" : "You Know, for Search"
}

2023-10-19 20:23:53,654 - DEBUG - http://localhost:9200 "HEAD / HTTP/1.1" 200 0
2023-10-19 20:23:53,654 - INFO - HEAD http://localhost:9200/ [status:200 request:0.013s]
2023-10-19 20:23:53,654 - DEBUG - > None
2023-10-19 20:23:53,654 - DEBUG - < 
2023-10-19 20:23:53,654 - INFO - Successfully connected to Elasticsearch server
2023-10-19 20:23:53,912 - DEBUG - http://localhost:9200 "POST /post/_search HTTP/1.1" 200 162
2023-10-19 20:23:53,912 - INFO - POST http://localhost:9200/post/_search [status:200 request:0.257s]
2023-10-19 20:23:53,913 - DEBUG - > {"query":{"multi_match":{"query":"cat","fields":["title","content"]}}}
2023-10-19 20:23:53,913 - DEBUG - < {"took":157,"timed_out":false,"_shards":{"total":1,"successful":1,"skipped":0,"failed":0},"hits":{"total":{"value":0,"relation":"eq"},"max_score":null,"hits":[]}}
2023-10-19 20:23:56,076 - DEBUG - Starting new HTTP connection (1): localhost:9200
2023-10-19 20:23:56,174 - DEBUG - http://localhost:9200 "GET / HTTP/1.1" 200 508
2023-10-19 20:23:56,174 - INFO - GET http://localhost:9200/ [status:200 request:0.098s]
2023-10-19 20:23:56,174 - DEBUG - > None
2023-10-19 20:23:56,174 - DEBUG - < {
  "name" : "a46f32a3c7d9",
  "cluster_name" : "docker-cluster",
  "cluster_uuid" : "YmGgBroNT7WWjXJ8Hh5Wrw",
  "version" : {
    "number" : "7.3.0",
    "build_flavor" : "default",
    "build_type" : "docker",
    "build_hash" : "de777fa",
    "build_date" : "2019-07-24T18:30:11.767338Z",
    "build_snapshot" : false,
    "lucene_version" : "8.1.0",
    "minimum_wire_compatibility_version" : "6.8.0",
    "minimum_index_compatibility_version" : "6.0.0-beta1"
  },
  "tagline" : "You Know, for Search"
}

2023-10-19 20:23:56,179 - DEBUG - http://localhost:9200 "HEAD / HTTP/1.1" 200 0
2023-10-19 20:23:56,180 - INFO - HEAD http://localhost:9200/ [status:200 request:0.006s]
2023-10-19 20:23:56,180 - DEBUG - > None
2023-10-19 20:23:56,180 - DEBUG - < 
2023-10-19 20:23:56,180 - INFO - Successfully connected to Elasticsearch server
2023-10-19 20:23:56,238 - DEBUG - http://localhost:9200 "POST /post/_search HTTP/1.1" 200 340
2023-10-19 20:23:56,238 - INFO - POST http://localhost:9200/post/_search [status:200 request:0.057s]
2023-10-19 20:23:56,238 - DEBUG - > {"query":{"multi_match":{"query":"post","fields":["title","content"]}}}
2023-10-19 20:23:56,239 - DEBUG - < {"took":33,"timed_out":false,"_shards":{"total":1,"successful":1,"skipped":0,"failed":0},"hits":{"total":{"value":1,"relation":"eq"},"max_score":0.2876821,"hits":[{"_index":"post","_type":"_doc","_id":"23","_score":0.2876821,"_source":{"title":"This is the first post","content":"Hi, this is my first post to the forum","username":null}}]}}
2023-10-19 20:24:44,657 - DEBUG - Starting new HTTP connection (1): localhost:9200
2023-10-19 20:24:44,800 - DEBUG - http://localhost:9200 "GET / HTTP/1.1" 200 508
2023-10-19 20:24:44,800 - INFO - GET http://localhost:9200/ [status:200 request:0.143s]
2023-10-19 20:24:44,800 - DEBUG - > None
2023-10-19 20:24:44,800 - DEBUG - < {
  "name" : "a46f32a3c7d9",
  "cluster_name" : "docker-cluster",
  "cluster_uuid" : "YmGgBroNT7WWjXJ8Hh5Wrw",
  "version" : {
    "number" : "7.3.0",
    "build_flavor" : "default",
    "build_type" : "docker",
    "build_hash" : "de777fa",
    "build_date" : "2019-07-24T18:30:11.767338Z",
    "build_snapshot" : false,
    "lucene_version" : "8.1.0",
    "minimum_wire_compatibility_version" : "6.8.0",
    "minimum_index_compatibility_version" : "6.0.0-beta1"
  },
  "tagline" : "You Know, for Search"
}

2023-10-19 20:24:44,805 - DEBUG - http://localhost:9200 "HEAD / HTTP/1.1" 200 0
2023-10-19 20:24:44,806 - INFO - HEAD http://localhost:9200/ [status:200 request:0.005s]
2023-10-19 20:24:44,806 - DEBUG - > None
2023-10-19 20:24:44,806 - DEBUG - < 
2023-10-19 20:24:44,806 - INFO - Successfully connected to Elasticsearch server
2023-10-19 20:24:44,914 - DEBUG - http://localhost:9200 "POST /post/_search HTTP/1.1" 200 161
2023-10-19 20:24:44,914 - INFO - POST http://localhost:9200/post/_search [status:200 request:0.108s]
2023-10-19 20:24:44,914 - DEBUG - > {"query":{"multi_match":{"query":"cat","fields":["title","content"]}}}
2023-10-19 20:24:44,914 - DEBUG - < {"took":55,"timed_out":false,"_shards":{"total":1,"successful":1,"skipped":0,"failed":0},"hits":{"total":{"value":0,"relation":"eq"},"max_score":null,"hits":[]}}
2023-10-19 20:24:46,832 - DEBUG - Starting new HTTP connection (1): localhost:9200
2023-10-19 20:24:46,916 - DEBUG - http://localhost:9200 "GET / HTTP/1.1" 200 508
2023-10-19 20:24:46,916 - INFO - GET http://localhost:9200/ [status:200 request:0.085s]
2023-10-19 20:24:46,916 - DEBUG - > None
2023-10-19 20:24:46,916 - DEBUG - < {
  "name" : "a46f32a3c7d9",
  "cluster_name" : "docker-cluster",
  "cluster_uuid" : "YmGgBroNT7WWjXJ8Hh5Wrw",
  "version" : {
    "number" : "7.3.0",
    "build_flavor" : "default",
    "build_type" : "docker",
    "build_hash" : "de777fa",
    "build_date" : "2019-07-24T18:30:11.767338Z",
    "build_snapshot" : false,
    "lucene_version" : "8.1.0",
    "minimum_wire_compatibility_version" : "6.8.0",
    "minimum_index_compatibility_version" : "6.0.0-beta1"
  },
  "tagline" : "You Know, for Search"
}

2023-10-19 20:24:46,922 - DEBUG - http://localhost:9200 "HEAD / HTTP/1.1" 200 0
2023-10-19 20:24:46,923 - INFO - HEAD http://localhost:9200/ [status:200 request:0.006s]
2023-10-19 20:24:46,923 - DEBUG - > None
2023-10-19 20:24:46,923 - DEBUG - < 
2023-10-19 20:24:46,923 - INFO - Successfully connected to Elasticsearch server
2023-10-19 20:24:47,016 - DEBUG - http://localhost:9200 "POST /post/_search HTTP/1.1" 200 340
2023-10-19 20:24:47,016 - INFO - POST http://localhost:9200/post/_search [status:200 request:0.093s]
2023-10-19 20:24:47,016 - DEBUG - > {"query":{"multi_match":{"query":"post","fields":["title","content"]}}}
2023-10-19 20:24:47,016 - DEBUG - < {"took":61,"timed_out":false,"_shards":{"total":1,"successful":1,"skipped":0,"failed":0},"hits":{"total":{"value":1,"relation":"eq"},"max_score":0.2876821,"hits":[{"_index":"post","_type":"_doc","_id":"23","_score":0.2876821,"_source":{"title":"This is the first post","content":"Hi, this is my first post to the forum","username":null}}]}}
2023-10-19 20:24:55,767 - DEBUG - Starting new HTTP connection (1): localhost:9200
2023-10-19 20:24:55,847 - DEBUG - http://localhost:9200 "GET / HTTP/1.1" 200 508
2023-10-19 20:24:55,848 - INFO - GET http://localhost:9200/ [status:200 request:0.081s]
2023-10-19 20:24:55,848 - DEBUG - > None
2023-10-19 20:24:55,848 - DEBUG - < {
  "name" : "a46f32a3c7d9",
  "cluster_name" : "docker-cluster",
  "cluster_uuid" : "YmGgBroNT7WWjXJ8Hh5Wrw",
  "version" : {
    "number" : "7.3.0",
    "build_flavor" : "default",
    "build_type" : "docker",
    "build_hash" : "de777fa",
    "build_date" : "2019-07-24T18:30:11.767338Z",
    "build_snapshot" : false,
    "lucene_version" : "8.1.0",
    "minimum_wire_compatibility_version" : "6.8.0",
    "minimum_index_compatibility_version" : "6.0.0-beta1"
  },
  "tagline" : "You Know, for Search"
}

2023-10-19 20:24:55,859 - DEBUG - http://localhost:9200 "HEAD / HTTP/1.1" 200 0
2023-10-19 20:24:55,860 - INFO - HEAD http://localhost:9200/ [status:200 request:0.011s]
2023-10-19 20:24:55,860 - DEBUG - > None
2023-10-19 20:24:55,860 - DEBUG - < 
2023-10-19 20:24:55,860 - INFO - Successfully connected to Elasticsearch server
2023-10-19 20:24:55,902 - DEBUG - http://localhost:9200 "POST /post/_search HTTP/1.1" 200 161
2023-10-19 20:24:55,902 - INFO - POST http://localhost:9200/post/_search [status:200 request:0.042s]
2023-10-19 20:24:55,902 - DEBUG - > {"query":{"multi_match":{"query":"ernie","fields":["title","content"]}}}
2023-10-19 20:24:55,902 - DEBUG - < {"took":23,"timed_out":false,"_shards":{"total":1,"successful":1,"skipped":0,"failed":0},"hits":{"total":{"value":0,"relation":"eq"},"max_score":null,"hits":[]}}
2023-10-19 20:46:05,571 - ERROR - Internal Server Error: /elastic-search/
Traceback (most recent call last):
  File "/Users/amandamuehlbauer/Documents/myproject/Version016/MainProject/venv/lib/python3.11/site-packages/django/core/handlers/exception.py", line 55, in inner
    response = get_response(request)
               ^^^^^^^^^^^^^^^^^^^^^
  File "/Users/amandamuehlbauer/Documents/myproject/Version016/MainProject/venv/lib/python3.11/site-packages/django/core/handlers/base.py", line 197, in _get_response
    response = wrapped_callback(request, *callback_args, **callback_kwargs)
               ^^^^^^^^^^^^^^^^^^^^^^^^^^^^^^^^^^^^^^^^^^^^^^^^^^^^^^^^^^^^
  File "/Users/amandamuehlbauer/Documents/myproject/Version016/MainProject/apps/Search/views.py", line 134, in elastic_search_view
    check_port("jidder-elasticsearch:", 9200)
  File "/Users/amandamuehlbauer/Documents/myproject/Version016/MainProject/apps/Search/views.py", line 119, in check_port
    sock = socket.socket(socket.AF_INET, socket.SOCK_STREAM)
           ^^^^^^
NameError: name 'socket' is not defined
2023-10-19 20:46:06,320 - ERROR - Internal Server Error: /elastic-search/
Traceback (most recent call last):
  File "/Users/amandamuehlbauer/Documents/myproject/Version016/MainProject/venv/lib/python3.11/site-packages/django/core/handlers/exception.py", line 55, in inner
    response = get_response(request)
               ^^^^^^^^^^^^^^^^^^^^^
  File "/Users/amandamuehlbauer/Documents/myproject/Version016/MainProject/venv/lib/python3.11/site-packages/django/core/handlers/base.py", line 197, in _get_response
    response = wrapped_callback(request, *callback_args, **callback_kwargs)
               ^^^^^^^^^^^^^^^^^^^^^^^^^^^^^^^^^^^^^^^^^^^^^^^^^^^^^^^^^^^^
  File "/Users/amandamuehlbauer/Documents/myproject/Version016/MainProject/apps/Search/views.py", line 134, in elastic_search_view
    check_port("jidder-elasticsearch:", 9200)
  File "/Users/amandamuehlbauer/Documents/myproject/Version016/MainProject/apps/Search/views.py", line 119, in check_port
    sock = socket.socket(socket.AF_INET, socket.SOCK_STREAM)
           ^^^^^^
NameError: name 'socket' is not defined
2023-10-19 20:46:06,817 - ERROR - Internal Server Error: /elastic-search/
Traceback (most recent call last):
  File "/Users/amandamuehlbauer/Documents/myproject/Version016/MainProject/venv/lib/python3.11/site-packages/django/core/handlers/exception.py", line 55, in inner
    response = get_response(request)
               ^^^^^^^^^^^^^^^^^^^^^
  File "/Users/amandamuehlbauer/Documents/myproject/Version016/MainProject/venv/lib/python3.11/site-packages/django/core/handlers/base.py", line 197, in _get_response
    response = wrapped_callback(request, *callback_args, **callback_kwargs)
               ^^^^^^^^^^^^^^^^^^^^^^^^^^^^^^^^^^^^^^^^^^^^^^^^^^^^^^^^^^^^
  File "/Users/amandamuehlbauer/Documents/myproject/Version016/MainProject/apps/Search/views.py", line 134, in elastic_search_view
    check_port("jidder-elasticsearch:", 9200)
  File "/Users/amandamuehlbauer/Documents/myproject/Version016/MainProject/apps/Search/views.py", line 119, in check_port
    sock = socket.socket(socket.AF_INET, socket.SOCK_STREAM)
           ^^^^^^
NameError: name 'socket' is not defined
2023-10-19 20:46:09,846 - ERROR - Internal Server Error: /elastic-search/
Traceback (most recent call last):
  File "/Users/amandamuehlbauer/Documents/myproject/Version016/MainProject/venv/lib/python3.11/site-packages/django/core/handlers/exception.py", line 55, in inner
    response = get_response(request)
               ^^^^^^^^^^^^^^^^^^^^^
  File "/Users/amandamuehlbauer/Documents/myproject/Version016/MainProject/venv/lib/python3.11/site-packages/django/core/handlers/base.py", line 197, in _get_response
    response = wrapped_callback(request, *callback_args, **callback_kwargs)
               ^^^^^^^^^^^^^^^^^^^^^^^^^^^^^^^^^^^^^^^^^^^^^^^^^^^^^^^^^^^^
  File "/Users/amandamuehlbauer/Documents/myproject/Version016/MainProject/apps/Search/views.py", line 134, in elastic_search_view
    check_port("jidder-elasticsearch:", 9200)
  File "/Users/amandamuehlbauer/Documents/myproject/Version016/MainProject/apps/Search/views.py", line 119, in check_port
    sock = socket.socket(socket.AF_INET, socket.SOCK_STREAM)
           ^^^^^^
NameError: name 'socket' is not defined
2023-10-19 20:46:23,820 - INFO - /Users/amandamuehlbauer/Documents/myproject/Version016/MainProject/apps/Search/views.py changed, reloading.
2023-10-19 20:46:27,246 - ERROR - Internal Server Error: /elastic-search/
Traceback (most recent call last):
  File "/Users/amandamuehlbauer/Documents/myproject/Version016/MainProject/venv/lib/python3.11/site-packages/django/core/handlers/exception.py", line 55, in inner
    response = get_response(request)
               ^^^^^^^^^^^^^^^^^^^^^
  File "/Users/amandamuehlbauer/Documents/myproject/Version016/MainProject/venv/lib/python3.11/site-packages/django/core/handlers/base.py", line 197, in _get_response
    response = wrapped_callback(request, *callback_args, **callback_kwargs)
               ^^^^^^^^^^^^^^^^^^^^^^^^^^^^^^^^^^^^^^^^^^^^^^^^^^^^^^^^^^^^
  File "/Users/amandamuehlbauer/Documents/myproject/Version016/MainProject/apps/Search/views.py", line 134, in elastic_search_view
    check_port("jidder-elasticsearch:", 9200)
  File "/Users/amandamuehlbauer/Documents/myproject/Version016/MainProject/apps/Search/views.py", line 122, in check_port
    result = sock.connect_ex((host, port))
             ^^^^^^^^^^^^^^^^^^^^^^^^^^^^^
socket.gaierror: [Errno 8] nodename nor servname provided, or not known
2023-10-19 20:46:27,715 - ERROR - Internal Server Error: /elastic-search/
Traceback (most recent call last):
  File "/Users/amandamuehlbauer/Documents/myproject/Version016/MainProject/venv/lib/python3.11/site-packages/django/core/handlers/exception.py", line 55, in inner
    response = get_response(request)
               ^^^^^^^^^^^^^^^^^^^^^
  File "/Users/amandamuehlbauer/Documents/myproject/Version016/MainProject/venv/lib/python3.11/site-packages/django/core/handlers/base.py", line 197, in _get_response
    response = wrapped_callback(request, *callback_args, **callback_kwargs)
               ^^^^^^^^^^^^^^^^^^^^^^^^^^^^^^^^^^^^^^^^^^^^^^^^^^^^^^^^^^^^
  File "/Users/amandamuehlbauer/Documents/myproject/Version016/MainProject/apps/Search/views.py", line 134, in elastic_search_view
    check_port("jidder-elasticsearch:", 9200)
  File "/Users/amandamuehlbauer/Documents/myproject/Version016/MainProject/apps/Search/views.py", line 122, in check_port
    result = sock.connect_ex((host, port))
             ^^^^^^^^^^^^^^^^^^^^^^^^^^^^^
socket.gaierror: [Errno 8] nodename nor servname provided, or not known
2023-10-19 20:46:33,295 - ERROR - Internal Server Error: /elastic-search/
Traceback (most recent call last):
  File "/Users/amandamuehlbauer/Documents/myproject/Version016/MainProject/venv/lib/python3.11/site-packages/django/core/handlers/exception.py", line 55, in inner
    response = get_response(request)
               ^^^^^^^^^^^^^^^^^^^^^
  File "/Users/amandamuehlbauer/Documents/myproject/Version016/MainProject/venv/lib/python3.11/site-packages/django/core/handlers/base.py", line 197, in _get_response
    response = wrapped_callback(request, *callback_args, **callback_kwargs)
               ^^^^^^^^^^^^^^^^^^^^^^^^^^^^^^^^^^^^^^^^^^^^^^^^^^^^^^^^^^^^
  File "/Users/amandamuehlbauer/Documents/myproject/Version016/MainProject/apps/Search/views.py", line 134, in elastic_search_view
    check_port("jidder-elasticsearch:", 9200)
  File "/Users/amandamuehlbauer/Documents/myproject/Version016/MainProject/apps/Search/views.py", line 122, in check_port
    result = sock.connect_ex((host, port))
             ^^^^^^^^^^^^^^^^^^^^^^^^^^^^^
socket.gaierror: [Errno 8] nodename nor servname provided, or not known
2023-10-19 20:46:55,537 - ERROR - Internal Server Error: /elastic-search/
Traceback (most recent call last):
  File "/Users/amandamuehlbauer/Documents/myproject/Version016/MainProject/venv/lib/python3.11/site-packages/django/core/handlers/exception.py", line 55, in inner
    response = get_response(request)
               ^^^^^^^^^^^^^^^^^^^^^
  File "/Users/amandamuehlbauer/Documents/myproject/Version016/MainProject/venv/lib/python3.11/site-packages/django/core/handlers/base.py", line 197, in _get_response
    response = wrapped_callback(request, *callback_args, **callback_kwargs)
               ^^^^^^^^^^^^^^^^^^^^^^^^^^^^^^^^^^^^^^^^^^^^^^^^^^^^^^^^^^^^
  File "/Users/amandamuehlbauer/Documents/myproject/Version016/MainProject/apps/Search/views.py", line 134, in elastic_search_view
    check_port("localhost:", 9200)
  File "/Users/amandamuehlbauer/Documents/myproject/Version016/MainProject/apps/Search/views.py", line 122, in check_port
    result = sock.connect_ex((host, port))
             ^^^^^^^^^^^^^^^^^^^^^^^^^^^^^
socket.gaierror: [Errno 8] nodename nor servname provided, or not known
2023-10-19 20:46:55,539 - INFO - /Users/amandamuehlbauer/Documents/myproject/Version016/MainProject/apps/Search/views.py changed, reloading.
2023-10-19 20:46:56,697 - ERROR - Internal Server Error: /elastic-search/
Traceback (most recent call last):
  File "/Users/amandamuehlbauer/Documents/myproject/Version016/MainProject/venv/lib/python3.11/site-packages/django/core/handlers/exception.py", line 55, in inner
    response = get_response(request)
               ^^^^^^^^^^^^^^^^^^^^^
  File "/Users/amandamuehlbauer/Documents/myproject/Version016/MainProject/venv/lib/python3.11/site-packages/django/core/handlers/base.py", line 197, in _get_response
    response = wrapped_callback(request, *callback_args, **callback_kwargs)
               ^^^^^^^^^^^^^^^^^^^^^^^^^^^^^^^^^^^^^^^^^^^^^^^^^^^^^^^^^^^^
  File "/Users/amandamuehlbauer/Documents/myproject/Version016/MainProject/apps/Search/views.py", line 134, in elastic_search_view
    check_port("localhost:", 9200)
  File "/Users/amandamuehlbauer/Documents/myproject/Version016/MainProject/apps/Search/views.py", line 122, in check_port
    result = sock.connect_ex((host, port))
             ^^^^^^^^^^^^^^^^^^^^^^^^^^^^^
socket.gaierror: [Errno 8] nodename nor servname provided, or not known
2023-10-19 20:47:01,813 - ERROR - Internal Server Error: /elastic-search/
Traceback (most recent call last):
  File "/Users/amandamuehlbauer/Documents/myproject/Version016/MainProject/venv/lib/python3.11/site-packages/django/core/handlers/exception.py", line 55, in inner
    response = get_response(request)
               ^^^^^^^^^^^^^^^^^^^^^
  File "/Users/amandamuehlbauer/Documents/myproject/Version016/MainProject/venv/lib/python3.11/site-packages/django/core/handlers/base.py", line 197, in _get_response
    response = wrapped_callback(request, *callback_args, **callback_kwargs)
               ^^^^^^^^^^^^^^^^^^^^^^^^^^^^^^^^^^^^^^^^^^^^^^^^^^^^^^^^^^^^
  File "/Users/amandamuehlbauer/Documents/myproject/Version016/MainProject/apps/Search/views.py", line 134, in elastic_search_view
    check_port("localhost:", 9200)
  File "/Users/amandamuehlbauer/Documents/myproject/Version016/MainProject/apps/Search/views.py", line 122, in check_port
    result = sock.connect_ex((host, port))
             ^^^^^^^^^^^^^^^^^^^^^^^^^^^^^
socket.gaierror: [Errno 8] nodename nor servname provided, or not known
2023-10-19 20:47:03,895 - ERROR - Internal Server Error: /elastic-search/
Traceback (most recent call last):
  File "/Users/amandamuehlbauer/Documents/myproject/Version016/MainProject/venv/lib/python3.11/site-packages/django/core/handlers/exception.py", line 55, in inner
    response = get_response(request)
               ^^^^^^^^^^^^^^^^^^^^^
  File "/Users/amandamuehlbauer/Documents/myproject/Version016/MainProject/venv/lib/python3.11/site-packages/django/core/handlers/base.py", line 197, in _get_response
    response = wrapped_callback(request, *callback_args, **callback_kwargs)
               ^^^^^^^^^^^^^^^^^^^^^^^^^^^^^^^^^^^^^^^^^^^^^^^^^^^^^^^^^^^^
  File "/Users/amandamuehlbauer/Documents/myproject/Version016/MainProject/apps/Search/views.py", line 134, in elastic_search_view
    check_port("localhost:", 9200)
  File "/Users/amandamuehlbauer/Documents/myproject/Version016/MainProject/apps/Search/views.py", line 122, in check_port
    result = sock.connect_ex((host, port))
             ^^^^^^^^^^^^^^^^^^^^^^^^^^^^^
socket.gaierror: [Errno 8] nodename nor servname provided, or not known
2023-10-19 20:47:16,655 - INFO - /Users/amandamuehlbauer/Documents/myproject/Version016/MainProject/apps/Search/views.py changed, reloading.
2023-10-19 20:47:17,755 - DEBUG - Starting new HTTP connection (1): localhost:9200
2023-10-19 20:47:17,907 - DEBUG - http://localhost:9200 "GET / HTTP/1.1" 200 508
2023-10-19 20:47:17,907 - INFO - GET http://localhost:9200/ [status:200 request:0.153s]
2023-10-19 20:47:17,907 - DEBUG - > None
2023-10-19 20:47:17,908 - DEBUG - < {
  "name" : "a46f32a3c7d9",
  "cluster_name" : "docker-cluster",
  "cluster_uuid" : "YmGgBroNT7WWjXJ8Hh5Wrw",
  "version" : {
    "number" : "7.3.0",
    "build_flavor" : "default",
    "build_type" : "docker",
    "build_hash" : "de777fa",
    "build_date" : "2019-07-24T18:30:11.767338Z",
    "build_snapshot" : false,
    "lucene_version" : "8.1.0",
    "minimum_wire_compatibility_version" : "6.8.0",
    "minimum_index_compatibility_version" : "6.0.0-beta1"
  },
  "tagline" : "You Know, for Search"
}

2023-10-19 20:47:17,921 - DEBUG - http://localhost:9200 "HEAD / HTTP/1.1" 200 0
2023-10-19 20:47:17,922 - INFO - HEAD http://localhost:9200/ [status:200 request:0.013s]
2023-10-19 20:47:17,922 - DEBUG - > None
2023-10-19 20:47:17,922 - DEBUG - < 
2023-10-19 20:47:17,922 - INFO - Successfully connected to Elasticsearch server
2023-10-19 20:47:18,251 - DEBUG - http://localhost:9200 "POST /post/_search HTTP/1.1" 200 162
2023-10-19 20:47:18,252 - INFO - POST http://localhost:9200/post/_search [status:200 request:0.329s]
2023-10-19 20:47:18,253 - DEBUG - > {"query":{"multi_match":{"query":"cat","fields":["title","content"]}}}
2023-10-19 20:47:18,253 - DEBUG - < {"took":200,"timed_out":false,"_shards":{"total":1,"successful":1,"skipped":0,"failed":0},"hits":{"total":{"value":0,"relation":"eq"},"max_score":null,"hits":[]}}
2023-10-19 20:47:21,590 - DEBUG - Starting new HTTP connection (1): localhost:9200
2023-10-19 20:47:21,658 - DEBUG - http://localhost:9200 "GET / HTTP/1.1" 200 508
2023-10-19 20:47:21,658 - INFO - GET http://localhost:9200/ [status:200 request:0.069s]
2023-10-19 20:47:21,658 - DEBUG - > None
2023-10-19 20:47:21,658 - DEBUG - < {
  "name" : "a46f32a3c7d9",
  "cluster_name" : "docker-cluster",
  "cluster_uuid" : "YmGgBroNT7WWjXJ8Hh5Wrw",
  "version" : {
    "number" : "7.3.0",
    "build_flavor" : "default",
    "build_type" : "docker",
    "build_hash" : "de777fa",
    "build_date" : "2019-07-24T18:30:11.767338Z",
    "build_snapshot" : false,
    "lucene_version" : "8.1.0",
    "minimum_wire_compatibility_version" : "6.8.0",
    "minimum_index_compatibility_version" : "6.0.0-beta1"
  },
  "tagline" : "You Know, for Search"
}

2023-10-19 20:47:21,663 - DEBUG - http://localhost:9200 "HEAD / HTTP/1.1" 200 0
2023-10-19 20:47:21,663 - INFO - HEAD http://localhost:9200/ [status:200 request:0.004s]
2023-10-19 20:47:21,663 - DEBUG - > None
2023-10-19 20:47:21,663 - DEBUG - < 
2023-10-19 20:47:21,663 - INFO - Successfully connected to Elasticsearch server
2023-10-19 20:47:21,706 - DEBUG - http://localhost:9200 "POST /post/_search HTTP/1.1" 200 161
2023-10-19 20:47:21,707 - INFO - POST http://localhost:9200/post/_search [status:200 request:0.043s]
2023-10-19 20:47:21,707 - DEBUG - > {"query":{"multi_match":{"query":"cat","fields":["title","content"]}}}
2023-10-19 20:47:21,707 - DEBUG - < {"took":21,"timed_out":false,"_shards":{"total":1,"successful":1,"skipped":0,"failed":0},"hits":{"total":{"value":0,"relation":"eq"},"max_score":null,"hits":[]}}
2023-10-19 20:47:25,010 - DEBUG - Starting new HTTP connection (1): localhost:9200
2023-10-19 20:47:25,046 - DEBUG - http://localhost:9200 "GET / HTTP/1.1" 200 508
2023-10-19 20:47:25,046 - INFO - GET http://localhost:9200/ [status:200 request:0.037s]
2023-10-19 20:47:25,047 - DEBUG - > None
2023-10-19 20:47:25,047 - DEBUG - < {
  "name" : "a46f32a3c7d9",
  "cluster_name" : "docker-cluster",
  "cluster_uuid" : "YmGgBroNT7WWjXJ8Hh5Wrw",
  "version" : {
    "number" : "7.3.0",
    "build_flavor" : "default",
    "build_type" : "docker",
    "build_hash" : "de777fa",
    "build_date" : "2019-07-24T18:30:11.767338Z",
    "build_snapshot" : false,
    "lucene_version" : "8.1.0",
    "minimum_wire_compatibility_version" : "6.8.0",
    "minimum_index_compatibility_version" : "6.0.0-beta1"
  },
  "tagline" : "You Know, for Search"
}

2023-10-19 20:47:25,049 - DEBUG - http://localhost:9200 "HEAD / HTTP/1.1" 200 0
2023-10-19 20:47:25,050 - INFO - HEAD http://localhost:9200/ [status:200 request:0.003s]
2023-10-19 20:47:25,050 - DEBUG - > None
2023-10-19 20:47:25,050 - DEBUG - < 
2023-10-19 20:47:25,050 - INFO - Successfully connected to Elasticsearch server
2023-10-19 20:47:25,084 - DEBUG - http://localhost:9200 "POST /post/_search HTTP/1.1" 200 340
2023-10-19 20:47:25,084 - INFO - POST http://localhost:9200/post/_search [status:200 request:0.033s]
2023-10-19 20:47:25,084 - DEBUG - > {"query":{"multi_match":{"query":"post","fields":["title","content"]}}}
2023-10-19 20:47:25,084 - DEBUG - < {"took":20,"timed_out":false,"_shards":{"total":1,"successful":1,"skipped":0,"failed":0},"hits":{"total":{"value":1,"relation":"eq"},"max_score":0.2876821,"hits":[{"_index":"post","_type":"_doc","_id":"23","_score":0.2876821,"_source":{"title":"This is the first post","content":"Hi, this is my first post to the forum","username":null}}]}}
2023-10-19 20:47:55,429 - INFO - /Users/amandamuehlbauer/Documents/myproject/Version016/MainProject/apps/Search/views.py changed, reloading.
2023-10-19 21:19:30,534 - INFO - /Users/amandamuehlbauer/Documents/myproject/Version016/MainProject/apps/Search/views.py changed, reloading.
2023-10-19 21:19:42,842 - INFO - /Users/amandamuehlbauer/Documents/myproject/Version016/MainProject/apps/Search/views.py changed, reloading.
2023-10-20 03:38:03,191 - INFO - /Users/amandamuehlbauer/Documents/myproject/Version016/MainProject/apps/Search/views.py changed, reloading.
2023-10-20 03:38:19,212 - INFO - /Users/amandamuehlbauer/Documents/myproject/Version016/MainProject/apps/Search/views.py changed, reloading.
2023-10-20 03:38:22,645 - INFO - /Users/amandamuehlbauer/Documents/myproject/Version016/MainProject/apps/Search/views.py changed, reloading.
2023-10-20 03:39:38,958 - INFO - /Users/amandamuehlbauer/Documents/myproject/Version016/MainProject/apps/Search/views.py changed, reloading.
2023-10-20 03:39:42,408 - INFO - /Users/amandamuehlbauer/Documents/myproject/Version016/MainProject/apps/Search/views.py changed, reloading.
2023-10-20 03:39:43,825 - INFO - /Users/amandamuehlbauer/Documents/myproject/Version016/MainProject/apps/Search/urls.py changed, reloading.
2023-10-20 03:40:56,745 - INFO - /Users/amandamuehlbauer/Documents/myproject/Version016/MainProject/apps/Search/urls.py changed, reloading.
2023-10-20 03:41:04,594 - INFO - /Users/amandamuehlbauer/Documents/myproject/Version016/MainProject/apps/Search/urls.py changed, reloading.
2023-10-20 03:41:18,444 - INFO - /Users/amandamuehlbauer/Documents/myproject/Version016/MainProject/apps/Search/views.py changed, reloading.
2023-10-20 03:41:33,313 - INFO - /Users/amandamuehlbauer/Documents/myproject/Version016/MainProject/apps/Search/views.py changed, reloading.
2023-10-20 03:41:37,790 - DEBUG - Starting new HTTP connection (1): localhost:9200
2023-10-20 03:41:38,045 - DEBUG - http://localhost:9200 "GET / HTTP/1.1" 200 508
2023-10-20 03:41:38,045 - INFO - GET http://localhost:9200/ [status:200 request:0.255s]
2023-10-20 03:41:38,045 - DEBUG - > None
2023-10-20 03:41:38,045 - DEBUG - < {
  "name" : "a46f32a3c7d9",
  "cluster_name" : "docker-cluster",
  "cluster_uuid" : "YmGgBroNT7WWjXJ8Hh5Wrw",
  "version" : {
    "number" : "7.3.0",
    "build_flavor" : "default",
    "build_type" : "docker",
    "build_hash" : "de777fa",
    "build_date" : "2019-07-24T18:30:11.767338Z",
    "build_snapshot" : false,
    "lucene_version" : "8.1.0",
    "minimum_wire_compatibility_version" : "6.8.0",
    "minimum_index_compatibility_version" : "6.0.0-beta1"
  },
  "tagline" : "You Know, for Search"
}

2023-10-20 03:41:38,077 - DEBUG - http://localhost:9200 "HEAD / HTTP/1.1" 200 0
2023-10-20 03:41:38,077 - INFO - HEAD http://localhost:9200/ [status:200 request:0.032s]
2023-10-20 03:41:38,077 - DEBUG - > None
2023-10-20 03:41:38,077 - DEBUG - < 
2023-10-20 03:41:38,502 - DEBUG - http://localhost:9200 "POST /post/_search HTTP/1.1" 200 341
2023-10-20 03:41:38,502 - INFO - POST http://localhost:9200/post/_search [status:200 request:0.425s]
2023-10-20 03:41:38,503 - DEBUG - > {"query":{"multi_match":{"query":"first","fields":["title","content"]}}}
2023-10-20 03:41:38,503 - DEBUG - < {"took":165,"timed_out":false,"_shards":{"total":1,"successful":1,"skipped":0,"failed":0},"hits":{"total":{"value":1,"relation":"eq"},"max_score":0.2876821,"hits":[{"_index":"post","_type":"_doc","_id":"23","_score":0.2876821,"_source":{"title":"This is the first post","content":"Hi, this is my first post to the forum","username":null}}]}}
2023-10-20 03:41:40,690 - ERROR - Internal Server Error: /search/
Traceback (most recent call last):
  File "/Users/amandamuehlbauer/Documents/myproject/Version016/MainProject/venv/lib/python3.11/site-packages/django/core/handlers/exception.py", line 55, in inner
    response = get_response(request)
               ^^^^^^^^^^^^^^^^^^^^^
  File "/Users/amandamuehlbauer/Documents/myproject/Version016/MainProject/venv/lib/python3.11/site-packages/django/core/handlers/base.py", line 197, in _get_response
    response = wrapped_callback(request, *callback_args, **callback_kwargs)
               ^^^^^^^^^^^^^^^^^^^^^^^^^^^^^^^^^^^^^^^^^^^^^^^^^^^^^^^^^^^^
  File "/Users/amandamuehlbauer/Documents/myproject/Version016/MainProject/apps/Search/views.py", line 36, in search_view
    return render(request, 'search/search_results.html', context)
           ^^^^^^^^^^^^^^^^^^^^^^^^^^^^^^^^^^^^^^^^^^^^^^^^^^^^^^
  File "/Users/amandamuehlbauer/Documents/myproject/Version016/MainProject/venv/lib/python3.11/site-packages/django/shortcuts.py", line 24, in render
    content = loader.render_to_string(template_name, context, request, using=using)
              ^^^^^^^^^^^^^^^^^^^^^^^^^^^^^^^^^^^^^^^^^^^^^^^^^^^^^^^^^^^^^^^^^^^^^
  File "/Users/amandamuehlbauer/Documents/myproject/Version016/MainProject/venv/lib/python3.11/site-packages/django/template/loader.py", line 61, in render_to_string
    template = get_template(template_name, using=using)
               ^^^^^^^^^^^^^^^^^^^^^^^^^^^^^^^^^^^^^^^^
  File "/Users/amandamuehlbauer/Documents/myproject/Version016/MainProject/venv/lib/python3.11/site-packages/django/template/loader.py", line 15, in get_template
    return engine.get_template(template_name)
           ^^^^^^^^^^^^^^^^^^^^^^^^^^^^^^^^^^
  File "/Users/amandamuehlbauer/Documents/myproject/Version016/MainProject/venv/lib/python3.11/site-packages/django/template/backends/django.py", line 33, in get_template
    return Template(self.engine.get_template(template_name), self)
                    ^^^^^^^^^^^^^^^^^^^^^^^^^^^^^^^^^^^^^^^
  File "/Users/amandamuehlbauer/Documents/myproject/Version016/MainProject/venv/lib/python3.11/site-packages/django/template/engine.py", line 175, in get_template
    template, origin = self.find_template(template_name)
                       ^^^^^^^^^^^^^^^^^^^^^^^^^^^^^^^^^
  File "/Users/amandamuehlbauer/Documents/myproject/Version016/MainProject/venv/lib/python3.11/site-packages/django/template/engine.py", line 157, in find_template
    template = loader.get_template(name, skip=skip)
               ^^^^^^^^^^^^^^^^^^^^^^^^^^^^^^^^^^^^
  File "/Users/amandamuehlbauer/Documents/myproject/Version016/MainProject/venv/lib/python3.11/site-packages/django/template/loaders/cached.py", line 57, in get_template
    template = super().get_template(template_name, skip)
               ^^^^^^^^^^^^^^^^^^^^^^^^^^^^^^^^^^^^^^^^^
  File "/Users/amandamuehlbauer/Documents/myproject/Version016/MainProject/venv/lib/python3.11/site-packages/django/template/loaders/base.py", line 28, in get_template
    return Template(
           ^^^^^^^^^
  File "/Users/amandamuehlbauer/Documents/myproject/Version016/MainProject/venv/lib/python3.11/site-packages/django/template/base.py", line 154, in __init__
    self.nodelist = self.compile_nodelist()
                    ^^^^^^^^^^^^^^^^^^^^^^^
  File "/Users/amandamuehlbauer/Documents/myproject/Version016/MainProject/venv/lib/python3.11/site-packages/django/template/base.py", line 200, in compile_nodelist
    return parser.parse()
           ^^^^^^^^^^^^^^
  File "/Users/amandamuehlbauer/Documents/myproject/Version016/MainProject/venv/lib/python3.11/site-packages/django/template/base.py", line 513, in parse
    raise self.error(token, e)
  File "/Users/amandamuehlbauer/Documents/myproject/Version016/MainProject/venv/lib/python3.11/site-packages/django/template/base.py", line 511, in parse
    compiled_result = compile_func(self, token)
                      ^^^^^^^^^^^^^^^^^^^^^^^^^
  File "/Users/amandamuehlbauer/Documents/myproject/Version016/MainProject/venv/lib/python3.11/site-packages/django/template/loader_tags.py", line 293, in do_extends
    nodelist = parser.parse()
               ^^^^^^^^^^^^^^
  File "/Users/amandamuehlbauer/Documents/myproject/Version016/MainProject/venv/lib/python3.11/site-packages/django/template/base.py", line 513, in parse
    raise self.error(token, e)
  File "/Users/amandamuehlbauer/Documents/myproject/Version016/MainProject/venv/lib/python3.11/site-packages/django/template/base.py", line 511, in parse
    compiled_result = compile_func(self, token)
                      ^^^^^^^^^^^^^^^^^^^^^^^^^
  File "/Users/amandamuehlbauer/Documents/myproject/Version016/MainProject/venv/lib/python3.11/site-packages/django/template/loader_tags.py", line 226, in do_block
    raise TemplateSyntaxError(
django.template.exceptions.TemplateSyntaxError: 'block' tag with name 'content' appears more than once
2023-10-20 03:41:43,736 - ERROR - Internal Server Error: /search/
Traceback (most recent call last):
  File "/Users/amandamuehlbauer/Documents/myproject/Version016/MainProject/venv/lib/python3.11/site-packages/django/core/handlers/exception.py", line 55, in inner
    response = get_response(request)
               ^^^^^^^^^^^^^^^^^^^^^
  File "/Users/amandamuehlbauer/Documents/myproject/Version016/MainProject/venv/lib/python3.11/site-packages/django/core/handlers/base.py", line 197, in _get_response
    response = wrapped_callback(request, *callback_args, **callback_kwargs)
               ^^^^^^^^^^^^^^^^^^^^^^^^^^^^^^^^^^^^^^^^^^^^^^^^^^^^^^^^^^^^
  File "/Users/amandamuehlbauer/Documents/myproject/Version016/MainProject/apps/Search/views.py", line 36, in search_view
    return render(request, 'search/search_results.html', context)
           ^^^^^^^^^^^^^^^^^^^^^^^^^^^^^^^^^^^^^^^^^^^^^^^^^^^^^^
  File "/Users/amandamuehlbauer/Documents/myproject/Version016/MainProject/venv/lib/python3.11/site-packages/django/shortcuts.py", line 24, in render
    content = loader.render_to_string(template_name, context, request, using=using)
              ^^^^^^^^^^^^^^^^^^^^^^^^^^^^^^^^^^^^^^^^^^^^^^^^^^^^^^^^^^^^^^^^^^^^^
  File "/Users/amandamuehlbauer/Documents/myproject/Version016/MainProject/venv/lib/python3.11/site-packages/django/template/loader.py", line 61, in render_to_string
    template = get_template(template_name, using=using)
               ^^^^^^^^^^^^^^^^^^^^^^^^^^^^^^^^^^^^^^^^
  File "/Users/amandamuehlbauer/Documents/myproject/Version016/MainProject/venv/lib/python3.11/site-packages/django/template/loader.py", line 15, in get_template
    return engine.get_template(template_name)
           ^^^^^^^^^^^^^^^^^^^^^^^^^^^^^^^^^^
  File "/Users/amandamuehlbauer/Documents/myproject/Version016/MainProject/venv/lib/python3.11/site-packages/django/template/backends/django.py", line 33, in get_template
    return Template(self.engine.get_template(template_name), self)
                    ^^^^^^^^^^^^^^^^^^^^^^^^^^^^^^^^^^^^^^^
  File "/Users/amandamuehlbauer/Documents/myproject/Version016/MainProject/venv/lib/python3.11/site-packages/django/template/engine.py", line 175, in get_template
    template, origin = self.find_template(template_name)
                       ^^^^^^^^^^^^^^^^^^^^^^^^^^^^^^^^^
  File "/Users/amandamuehlbauer/Documents/myproject/Version016/MainProject/venv/lib/python3.11/site-packages/django/template/engine.py", line 157, in find_template
    template = loader.get_template(name, skip=skip)
               ^^^^^^^^^^^^^^^^^^^^^^^^^^^^^^^^^^^^
  File "/Users/amandamuehlbauer/Documents/myproject/Version016/MainProject/venv/lib/python3.11/site-packages/django/template/loaders/cached.py", line 57, in get_template
    template = super().get_template(template_name, skip)
               ^^^^^^^^^^^^^^^^^^^^^^^^^^^^^^^^^^^^^^^^^
  File "/Users/amandamuehlbauer/Documents/myproject/Version016/MainProject/venv/lib/python3.11/site-packages/django/template/loaders/base.py", line 28, in get_template
    return Template(
           ^^^^^^^^^
  File "/Users/amandamuehlbauer/Documents/myproject/Version016/MainProject/venv/lib/python3.11/site-packages/django/template/base.py", line 154, in __init__
    self.nodelist = self.compile_nodelist()
                    ^^^^^^^^^^^^^^^^^^^^^^^
  File "/Users/amandamuehlbauer/Documents/myproject/Version016/MainProject/venv/lib/python3.11/site-packages/django/template/base.py", line 200, in compile_nodelist
    return parser.parse()
           ^^^^^^^^^^^^^^
  File "/Users/amandamuehlbauer/Documents/myproject/Version016/MainProject/venv/lib/python3.11/site-packages/django/template/base.py", line 513, in parse
    raise self.error(token, e)
  File "/Users/amandamuehlbauer/Documents/myproject/Version016/MainProject/venv/lib/python3.11/site-packages/django/template/base.py", line 511, in parse
    compiled_result = compile_func(self, token)
                      ^^^^^^^^^^^^^^^^^^^^^^^^^
  File "/Users/amandamuehlbauer/Documents/myproject/Version016/MainProject/venv/lib/python3.11/site-packages/django/template/loader_tags.py", line 293, in do_extends
    nodelist = parser.parse()
               ^^^^^^^^^^^^^^
  File "/Users/amandamuehlbauer/Documents/myproject/Version016/MainProject/venv/lib/python3.11/site-packages/django/template/base.py", line 513, in parse
    raise self.error(token, e)
  File "/Users/amandamuehlbauer/Documents/myproject/Version016/MainProject/venv/lib/python3.11/site-packages/django/template/base.py", line 511, in parse
    compiled_result = compile_func(self, token)
                      ^^^^^^^^^^^^^^^^^^^^^^^^^
  File "/Users/amandamuehlbauer/Documents/myproject/Version016/MainProject/venv/lib/python3.11/site-packages/django/template/loader_tags.py", line 226, in do_block
    raise TemplateSyntaxError(
django.template.exceptions.TemplateSyntaxError: 'block' tag with name 'content' appears more than once
2023-10-20 03:43:50,456 - INFO - /Users/amandamuehlbauer/Documents/myproject/Version016/MainProject/apps/Search/views.py changed, reloading.
2023-10-20 03:44:33,466 - INFO - /Users/amandamuehlbauer/Documents/myproject/Version016/MainProject/apps/Search/views.py changed, reloading.
2023-10-20 03:44:35,181 - INFO - /Users/amandamuehlbauer/Documents/myproject/Version016/MainProject/apps/Search/urls.py changed, reloading.
2023-10-20 03:44:45,930 - INFO - /Users/amandamuehlbauer/Documents/myproject/Version016/MainProject/apps/Search/urls.py changed, reloading.
2023-10-20 03:46:40,928 - INFO - /Users/amandamuehlbauer/Documents/myproject/Version016/MainProject/apps/Search/views.py changed, reloading.
2023-10-20 03:46:49,434 - DEBUG - Starting new HTTP connection (1): localhost:9200
2023-10-20 03:46:49,520 - DEBUG - http://localhost:9200 "GET / HTTP/1.1" 200 508
2023-10-20 03:46:49,522 - INFO - GET http://localhost:9200/ [status:200 request:0.088s]
2023-10-20 03:46:49,522 - DEBUG - > None
2023-10-20 03:46:49,523 - DEBUG - < {
  "name" : "a46f32a3c7d9",
  "cluster_name" : "docker-cluster",
  "cluster_uuid" : "YmGgBroNT7WWjXJ8Hh5Wrw",
  "version" : {
    "number" : "7.3.0",
    "build_flavor" : "default",
    "build_type" : "docker",
    "build_hash" : "de777fa",
    "build_date" : "2019-07-24T18:30:11.767338Z",
    "build_snapshot" : false,
    "lucene_version" : "8.1.0",
    "minimum_wire_compatibility_version" : "6.8.0",
    "minimum_index_compatibility_version" : "6.0.0-beta1"
  },
  "tagline" : "You Know, for Search"
}

2023-10-20 03:46:49,532 - DEBUG - http://localhost:9200 "HEAD / HTTP/1.1" 200 0
2023-10-20 03:46:49,533 - INFO - HEAD http://localhost:9200/ [status:200 request:0.008s]
2023-10-20 03:46:49,533 - DEBUG - > None
2023-10-20 03:46:49,533 - DEBUG - < 
2023-10-20 03:46:49,591 - DEBUG - http://localhost:9200 "POST /post/_search HTTP/1.1" 200 340
2023-10-20 03:46:49,592 - INFO - POST http://localhost:9200/post/_search [status:200 request:0.059s]
2023-10-20 03:46:49,592 - DEBUG - > {"query":{"multi_match":{"query":"post","fields":["title","content"]}}}
2023-10-20 03:46:49,592 - DEBUG - < {"took":22,"timed_out":false,"_shards":{"total":1,"successful":1,"skipped":0,"failed":0},"hits":{"total":{"value":1,"relation":"eq"},"max_score":0.2876821,"hits":[{"_index":"post","_type":"_doc","_id":"23","_score":0.2876821,"_source":{"title":"This is the first post","content":"Hi, this is my first post to the forum","username":null}}]}}
2023-10-20 03:47:23,874 - INFO - /Users/amandamuehlbauer/Documents/myproject/Version016/MainProject/apps/Search/views.py changed, reloading.
2023-10-20 03:50:27,971 - INFO - /Users/amandamuehlbauer/Documents/myproject/Version016/MainProject/apps/Search/views.py changed, reloading.
2023-10-20 03:52:52,037 - INFO - /Users/amandamuehlbauer/Documents/myproject/Version016/MainProject/apps/Search/views.py changed, reloading.
2023-10-20 04:12:52,740 - INFO - /Users/amandamuehlbauer/Documents/myproject/Version016/MainProject/apps/Search/views.py changed, reloading.
2023-10-20 04:13:02,725 - INFO - /Users/amandamuehlbauer/Documents/myproject/Version016/MainProject/apps/Search/views.py changed, reloading.
